SF:lib\src\model\model_server_drive_ui_limite_page.dart
DA:3,3
DA:5,3
DA:6,12
DA:9,3
DA:15,3
DA:16,3
DA:17,6
DA:22,3
DA:36,6
DA:37,3
DA:38,3
DA:39,3
DA:40,3
DA:41,3
DA:44,0
DA:45,0
DA:46,0
DA:47,0
DA:48,0
DA:49,0
LF:20
LH:14
end_of_record
SF:lib\src\repository\repository_server_drive_ui_home_page.dart
DA:7,4
DA:8,4
DA:9,4
DA:10,4
DA:14,3
DA:15,6
DA:16,9
DA:18,3
DA:21,3
DA:23,9
DA:24,9
DA:25,9
DA:26,9
DA:27,3
DA:28,3
DA:29,3
DA:30,6
DA:31,6
DA:32,6
DA:33,3
DA:34,6
DA:35,6
DA:36,6
DA:38,3
DA:39,6
DA:40,6
DA:41,3
DA:42,6
LF:28
LH:28
end_of_record
SF:lib\src\repository\repository_server_drive_ui_limite_page.dart
DA:7,3
DA:8,3
DA:9,3
DA:10,3
DA:11,3
DA:14,2
DA:15,4
DA:16,2
DA:19,2
DA:21,6
DA:22,2
DA:23,2
DA:25,2
DA:26,2
DA:28,4
DA:29,4
DA:31,2
DA:34,4
DA:35,4
LF:19
LH:19
end_of_record
SF:lib\helpers\app_helpe.dart
DA:4,9
LF:1
LH:1
end_of_record
SF:lib\style\style_text.dart
DA:6,3
DA:7,3
DA:8,3
DA:12,3
DA:13,3
DA:14,3
DA:16,3
DA:20,6
DA:22,3
DA:27,2
DA:28,2
DA:30,2
DA:34,3
DA:36,3
DA:38,3
DA:44,6
LF:16
LH:16
end_of_record
SF:lib\page\widget\custom_form_widget.dart
DA:10,2
DA:17,2
DA:18,2
DA:26,1
DA:27,3
DA:28,3
DA:29,0
DA:30,0
DA:31,0
DA:37,1
DA:38,2
DA:39,2
DA:41,1
DA:44,1
DA:45,2
DA:46,1
DA:50,2
DA:52,2
DA:54,2
DA:56,2
DA:57,2
DA:59,4
DA:60,6
DA:65,8
DA:69,2
DA:70,2
DA:72,2
DA:76,10
DA:77,4
DA:83,2
DA:85,4
DA:86,6
DA:91,8
DA:95,2
DA:96,2
DA:98,2
DA:102,10
DA:103,4
DA:115,2
DA:117,2
DA:118,2
DA:121,2
DA:125,2
DA:126,8
DA:127,4
DA:133,2
DA:136,2
DA:140,2
DA:141,8
DA:142,4
DA:147,2
DA:149,2
DA:151,2
DA:152,2
DA:154,2
DA:155,8
DA:156,1
DA:157,1
DA:159,2
DA:161,2
DA:162,2
DA:165,1
DA:166,1
DA:168,3
LF:64
LH:61
end_of_record
SF:lib\page\limit\limit_custom\limit_page_custom_body_widgets.dart
DA:5,3
DA:7,2
DA:9,2
DA:16,2
DA:18,4
DA:19,4
DA:20,4
DA:21,2
DA:26,2
DA:28,2
DA:29,2
DA:32,2
DA:34,2
DA:35,2
DA:37,2
LF:15
LH:15
end_of_record
SF:lib\page\limit\limit_custom\limite_page_custom_header_widget.dart
DA:6,2
DA:8,2
DA:10,2
DA:12,2
DA:14,2
DA:15,2
DA:16,0
DA:22,2
DA:24,4
DA:25,4
DA:33,2
DA:34,6
DA:35,2
DA:37,8
LF:14
LH:13
end_of_record
SF:lib\style\style_buttom.dart
DA:6,2
DA:7,2
DA:8,2
DA:12,4
DA:13,2
DA:14,2
DA:19,0
DA:20,0
DA:21,0
DA:24,4
LF:10
LH:7
end_of_record
SF:lib\style\style_input_decoration.dart
DA:5,2
DA:6,2
DA:7,2
DA:11,4
DA:12,2
DA:13,2
DA:30,4
LF:7
LH:7
end_of_record
SF:lib\helpers\app_hex_color.dart
DA:4,3
DA:5,6
DA:6,6
DA:7,3
DA:10,3
DA:12,3
DA:19,9
DA:23,0
DA:24,0
DA:25,0
DA:30,0
LF:11
LH:7
end_of_record
SF:lib\page\home\home_custom\home_page_custom_footer_widget.dart
DA:5,3
DA:6,3
DA:8,3
DA:10,3
DA:12,3
DA:13,3
DA:14,3
DA:17,3
DA:18,3
DA:21,3
DA:23,3
DA:25,4
DA:26,3
DA:29,3
LF:14
LH:14
end_of_record
SF:lib\page\home\home_custom\home_page_custom_header_widget.dart
DA:8,3
DA:13,3
DA:15,3
DA:17,3
DA:18,3
DA:19,3
DA:20,3
DA:21,3
DA:25,3
DA:26,6
DA:27,6
DA:30,3
DA:32,3
DA:34,3
DA:35,3
DA:39,3
DA:41,3
DA:42,3
DA:45,6
DA:46,6
DA:48,3
DA:49,3
DA:54,3
DA:56,3
DA:58,3
DA:59,3
DA:60,3
DA:62,3
DA:63,3
DA:66,3
DA:67,9
DA:72,3
DA:74,3
DA:75,9
DA:80,3
DA:81,3
DA:83,3
DA:84,3
DA:86,3
DA:89,3
DA:90,9
DA:96,3
DA:98,3
DA:99,9
LF:44
LH:44
end_of_record
SF:lib\page\home\home_custom\home_page_custom_pay_widget.dart
DA:8,3
DA:13,3
DA:15,3
DA:17,3
DA:22,3
DA:24,3
DA:25,3
DA:28,3
DA:29,9
DA:31,3
DA:32,6
DA:33,3
DA:34,6
DA:35,3
DA:37,3
DA:38,3
DA:39,3
DA:42,3
DA:46,3
DA:48,3
DA:49,3
DA:52,6
DA:53,6
DA:60,3
DA:63,6
DA:64,6
DA:76,3
DA:78,3
DA:79,3
DA:80,3
DA:81,6
DA:85,3
DA:86,3
DA:87,6
DA:91,3
DA:92,3
DA:93,6
LF:37
LH:37
end_of_record
SF:lib\style\style_box_decoration.dart
DA:6,3
DA:7,3
DA:8,3
DA:12,6
DA:13,3
DA:18,6
LF:6
LH:6
end_of_record
SF:lib\page\home\home_custom\home_page_custom_received.dart
DA:7,3
DA:9,3
DA:11,3
DA:13,3
DA:15,3
DA:17,3
DA:18,3
DA:21,3
DA:22,9
DA:24,3
DA:25,6
DA:26,3
DA:27,6
DA:28,3
DA:30,3
DA:31,3
DA:32,3
DA:35,3
DA:37,6
DA:40,3
DA:42,3
DA:43,3
DA:46,6
DA:47,6
DA:52,3
DA:55,6
DA:56,6
DA:68,3
DA:70,3
DA:71,3
DA:72,3
DA:74,6
DA:79,3
DA:80,3
DA:82,6
LF:35
LH:35
end_of_record
SF:lib\page\widget\costum_painter_widget.dart
DA:4,3
DA:6,3
DA:7,3
DA:9,3
DA:10,6
DA:11,9
DA:12,3
DA:13,3
DA:17,0
LF:9
LH:8
end_of_record
SF:lib\page\widget\custom_card_widge.dart
DA:11,3
DA:15,3
DA:17,3
DA:19,3
DA:20,3
DA:21,6
DA:22,3
DA:23,6
DA:24,3
DA:28,3
DA:29,3
DA:30,3
DA:33,3
DA:35,3
DA:36,3
DA:37,3
DA:38,6
DA:57,3
DA:59,3
DA:61,3
DA:63,3
DA:64,6
DA:65,3
DA:67,3
DA:68,6
DA:69,3
DA:71,3
DA:72,3
DA:73,3
DA:74,6
DA:75,6
DA:77,3
DA:79,6
LF:33
LH:33
end_of_record
SF:lib\src\model\model_server_drive_ui_home_page.dart
DA:3,4
DA:4,4
DA:5,16
DA:8,4
DA:20,4
DA:21,4
DA:22,8
DA:23,8
DA:24,8
DA:25,8
DA:30,4
DA:42,8
DA:43,4
DA:44,4
DA:45,4
DA:46,4
DA:49,0
DA:50,0
DA:51,0
DA:52,0
DA:53,0
DA:58,4
DA:70,8
DA:71,4
DA:72,4
DA:73,4
DA:74,4
DA:79,4
DA:89,8
DA:90,4
DA:91,4
DA:92,4
DA:97,4
DA:105,8
DA:106,4
DA:107,4
LF:36
LH:31
end_of_record
SF:lib\app_page.dart
DA:6,5
DA:8,3
DA:10,3
DA:13,3
LF:4
LH:4
end_of_record
SF:lib\page\home\home_page.dart
DA:6,3
DA:8,3
LF:2
LH:2
end_of_record
SF:lib\routes\routes_app.dart
DA:7,9
DA:8,3
DA:9,2
LF:3
LH:3
end_of_record
SF:lib\main.dart
DA:5,1
DA:6,1
LF:2
LH:2
end_of_record
SF:lib\page\home\home_custom\home_page_custom_body_widgets.dart
DA:4,3
DA:6,3
DA:8,3
DA:14,3
DA:16,6
DA:17,6
DA:18,3
DA:19,6
DA:23,3
DA:25,3
DA:26,3
DA:29,3
DA:31,3
DA:33,9
LF:14
LH:14
end_of_record
SF:lib\page\limit\limit_page.dart
DA:4,3
DA:6,2
LF:2
LH:2
end_of_record
